<?xml version="1.0" encoding="UTF-8"?>
<!-- Generated by org.testng.reporters.JUnitXMLReporter -->
<testsuite ignored="0" hostname="DESKTOP-MQHSLN6" failures="0" tests="2" name="Error Validations Test" time="20.175" errors="0" timestamp="2025-06-07T17:30:58 IST">
  <testcase classname="RiteshShadija.Tests.ErrorValidationsTest" name="loginErrorValidation" time="0.43"/>
  <testcase classname="RiteshShadija.Tests.ErrorValidationsTest" name="productErrorValidation" time="2.321"/>
</testsuite> <!-- Error Validations Test -->
